<?xml version="1.0" encoding="UTF-8"?>
<!-- Generated by org.testng.reporters.JUnitReportReporter -->
<testsuite hostname="Abhinavs-MacBook-Pro-2.local" failures="0" tests="2" name="Appium.Automation.AppTest" time="4.881" errors="0" timestamp="2022-08-13T02:05:06 IST" skipped="0">
  <testcase classname="Appium.Automation.AppTest" name="verifyWifiScreen" time="3.631"/>
  <system-out/>
  <testcase classname="Appium.Automation.AppTest" name="verifyPreferenceScreen" time="1.250"/>
  <system-out/>
</testsuite> <!-- Appium.Automation.AppTest -->
